[2024-01-20 07:03:41,170] [INFO] [real_accelerator.py:161:get_accelerator] Setting ds_accelerator to cuda (auto detect)
[2024-01-20 07:03:47,274] [WARNING] [runner.py:202:fetch_hostfile] Unable to find hostfile, will proceed with training with local resources only.
[2024-01-20 07:03:47,275] [INFO] [runner.py:571:main] cmd = /usr/bin/python -u -m deepspeed.launcher.launch --world_info=eyJsb2NhbGhvc3QiOiBbMCwgMV19 --master_addr=127.0.0.1 --master_port=12346 --enable_each_rank_log=None main_gen_test.py --actor_model_name_or_path ../step1_supervised_finetuning/output_1.3b --critic_model_name_or_path ../step2_reward_model_finetuning/output --per_device_generation_batch_size 3 --per_device_training_batch_size 1 --actor_learning_rate 9.65e-6 --critic_learning_rate 5e-6 --actor_dropout 0.0 --deepspeed --seed 1234 --enable_hybrid_engine --actor_zero_stage 0 --critic_zero_stage 0 --output_dir ./main_gen --generation_batches 1 --enable_tensorboard --tensorboard_path ./main_gen --num_train_epochs 10 --tensorboard_web /share/log/time
[2024-01-20 07:03:49,033] [INFO] [real_accelerator.py:161:get_accelerator] Setting ds_accelerator to cuda (auto detect)
[2024-01-20 07:03:54,656] [INFO] [launch.py:138:main] 0 NCCL_VERSION=2.19.3
[2024-01-20 07:03:54,656] [INFO] [launch.py:145:main] WORLD INFO DICT: {'localhost': [0, 1]}
[2024-01-20 07:03:54,656] [INFO] [launch.py:151:main] nnodes=1, num_local_procs=2, node_rank=0
[2024-01-20 07:03:54,656] [INFO] [launch.py:162:main] global_rank_mapping=defaultdict(<class 'list'>, {'localhost': [0, 1]})
[2024-01-20 07:03:54,656] [INFO] [launch.py:163:main] dist_world_size=2
[2024-01-20 07:03:54,656] [INFO] [launch.py:165:main] Setting CUDA_VISIBLE_DEVICES=0,1
[2024-01-20 07:03:57,142] [INFO] [real_accelerator.py:161:get_accelerator] Setting ds_accelerator to cuda (auto detect)
[2024-01-20 07:03:57,168] [INFO] [real_accelerator.py:161:get_accelerator] Setting ds_accelerator to cuda (auto detect)
/usr/local/lib/python3.10/dist-packages/transformers/deepspeed.py:23: FutureWarning: transformers.deepspeed module is deprecated and will be removed in a future version. Please import deepspeed modules directly from transformers.integrations
  warnings.warn(
/usr/local/lib/python3.10/dist-packages/transformers/deepspeed.py:23: FutureWarning: transformers.deepspeed module is deprecated and will be removed in a future version. Please import deepspeed modules directly from transformers.integrations
  warnings.warn(
Tensorboard logs going to: ./main_gen/step3_tensorboard_logs
[2024-01-20 07:04:02,519] [INFO] [comm.py:637:init_distributed] cdb=None
[2024-01-20 07:04:02,519] [INFO] [comm.py:668:init_distributed] Initializing TorchBackend in DeepSpeed with backend nccl
Tensorboard logs going to: ./main_gen/step3_tensorboard_logs
[2024-01-20 07:04:02,736] [INFO] [comm.py:637:init_distributed] cdb=None
Setting model_config.dropout to 0.0
Setting model_config.attention_dropout to 0.0
Setting model_config.activation_dropout to 0.0
************************[start] Initializing Actor Model [start] *************************
Setting model_config.dropout to 0.0
Setting model_config.attention_dropout to 0.0
Setting model_config.activation_dropout to 0.0
Using /root/.cache/torch_extensions/py310_cu122 as PyTorch extensions root...
Detected CUDA files, patching ldflags
Emitting ninja build file /root/.cache/torch_extensions/py310_cu122/fused_adam/build.ninja...
Building extension module fused_adam...
Allowing ninja to set a default number of workers... (overridable by setting the environment variable MAX_JOBS=N)
ninja: no work to do.
Loading extension module fused_adam...
Time to load fused_adam op: 0.0813295841217041 seconds
/usr/local/lib/python3.10/dist-packages/deepspeed/ops/adam/fused_adam.py:96: UserWarning: The torch.cuda.*DtypeTensor constructors are no longer recommended. It's best to use methods such as torch.tensor(data, dtype=*, device='cuda') to create tensors. (Triggered internally at /opt/pytorch/pytorch/torch/csrc/tensor/python_tensor.cpp:83.)
  self._dummy_overflow_buf = get_accelerator().IntTensor([0])
Using /root/.cache/torch_extensions/py310_cu122 as PyTorch extensions root...
Detected CUDA files, patching ldflags
Emitting ninja build file /root/.cache/torch_extensions/py310_cu122/fused_adam/build.ninja...
Building extension module fused_adam...
Allowing ninja to set a default number of workers... (overridable by setting the environment variable MAX_JOBS=N)
ninja: no work to do.
Loading extension module fused_adam...
Time to load fused_adam op: 0.07236242294311523 seconds
/usr/local/lib/python3.10/dist-packages/deepspeed/ops/adam/fused_adam.py:96: UserWarning: The torch.cuda.*DtypeTensor constructors are no longer recommended. It's best to use methods such as torch.tensor(data, dtype=*, device='cuda') to create tensors. (Triggered internally at /opt/pytorch/pytorch/torch/csrc/tensor/python_tensor.cpp:83.)
  self._dummy_overflow_buf = get_accelerator().IntTensor([0])
[2024-01-20 07:04:10,506] [INFO] [logging.py:96:log_dist] [Rank 0] DeepSpeed info: version=0.12.6, git-hash=unknown, git-branch=unknown
[2024-01-20 07:04:11,752] [INFO] [logging.py:96:log_dist] [Rank 0] DeepSpeed Flops Profiler Enabled: False
[2024-01-20 07:04:11,753] [INFO] [logging.py:96:log_dist] [Rank 0] Using client Optimizer as basic optimizer
[2024-01-20 07:04:11,753] [INFO] [logging.py:96:log_dist] [Rank 0] Removing param_group that has no 'params' in the basic Optimizer
[2024-01-20 07:04:11,769] [INFO] [logging.py:96:log_dist] [Rank 0] DeepSpeed Basic Optimizer = FusedAdam
[2024-01-20 07:04:11,769] [INFO] [logging.py:96:log_dist] [Rank 0] Creating fp16 optimizer with dynamic loss scale
[2024-01-20 07:04:12,046] [INFO] [logging.py:96:log_dist] [Rank 0] DeepSpeed Final Optimizer = FusedAdam
[2024-01-20 07:04:12,047] [INFO] [logging.py:96:log_dist] [Rank 0] DeepSpeed using client LR scheduler
[2024-01-20 07:04:12,047] [INFO] [logging.py:96:log_dist] [Rank 0] DeepSpeed LR Scheduler = <torch.optim.lr_scheduler.LambdaLR object at 0x7fecc961bfa0>
[2024-01-20 07:04:12,047] [INFO] [logging.py:96:log_dist] [Rank 0] step=0, skipped=0, lr=[0.0, 0.0], mom=[(0.9, 0.95), (0.9, 0.95)]
[2024-01-20 07:04:12,048] [INFO] [config.py:984:print] DeepSpeedEngine configuration:
[2024-01-20 07:04:12,048] [INFO] [config.py:988:print]   activation_checkpointing_config  {
    "partition_activations": false, 
    "contiguous_memory_optimization": false, 
    "cpu_checkpointing": false, 
    "number_checkpoints": null, 
    "synchronize_checkpoint_boundary": false, 
    "profile": false
}
[2024-01-20 07:04:12,048] [INFO] [config.py:988:print]   aio_config ................... {'block_size': 1048576, 'queue_depth': 8, 'thread_count': 1, 'single_submit': False, 'overlap_events': True}
[2024-01-20 07:04:12,048] [INFO] [config.py:988:print]   amp_enabled .................. False
[2024-01-20 07:04:12,048] [INFO] [config.py:988:print]   amp_params ................... False
[2024-01-20 07:04:12,049] [INFO] [config.py:988:print]   autotuning_config ............ {
    "enabled": false, 
    "start_step": null, 
    "end_step": null, 
    "metric_path": null, 
    "arg_mappings": null, 
    "metric": "throughput", 
    "model_info": null, 
    "results_dir": "autotuning_results", 
    "exps_dir": "autotuning_exps", 
    "overwrite": true, 
    "fast": true, 
    "start_profile_step": 3, 
    "end_profile_step": 5, 
    "tuner_type": "gridsearch", 
    "tuner_early_stopping": 5, 
    "tuner_num_trials": 50, 
    "model_info_path": null, 
    "mp_size": 1, 
    "max_train_batch_size": null, 
    "min_train_batch_size": 1, 
    "max_train_micro_batch_size_per_gpu": 1.024000e+03, 
    "min_train_micro_batch_size_per_gpu": 1, 
    "num_tuning_micro_batch_sizes": 3
}
[2024-01-20 07:04:12,049] [INFO] [config.py:988:print]   bfloat16_enabled ............. False
[2024-01-20 07:04:12,049] [INFO] [config.py:988:print]   checkpoint_parallel_write_pipeline  False
[2024-01-20 07:04:12,049] [INFO] [config.py:988:print]   checkpoint_tag_validation_enabled  True
[2024-01-20 07:04:12,049] [INFO] [config.py:988:print]   checkpoint_tag_validation_fail  False
[2024-01-20 07:04:12,049] [INFO] [config.py:988:print]   comms_config ................. <deepspeed.comm.config.DeepSpeedCommsConfig object at 0x7fecc9688d60>
[2024-01-20 07:04:12,049] [INFO] [config.py:988:print]   communication_data_type ...... None
[2024-01-20 07:04:12,049] [INFO] [config.py:988:print]   compression_config ........... {'weight_quantization': {'shared_parameters': {'enabled': False, 'quantizer_kernel': False, 'schedule_offset': 0, 'quantize_groups': 1, 'quantize_verbose': False, 'quantization_type': 'symmetric', 'quantize_weight_in_forward': False, 'rounding': 'nearest', 'fp16_mixed_quantize': False, 'quantize_change_ratio': 0.001}, 'different_groups': {}}, 'activation_quantization': {'shared_parameters': {'enabled': False, 'quantization_type': 'symmetric', 'range_calibration': 'dynamic', 'schedule_offset': 1000}, 'different_groups': {}}, 'sparse_pruning': {'shared_parameters': {'enabled': False, 'method': 'l1', 'schedule_offset': 1000}, 'different_groups': {}}, 'row_pruning': {'shared_parameters': {'enabled': False, 'method': 'l1', 'schedule_offset': 1000}, 'different_groups': {}}, 'head_pruning': {'shared_parameters': {'enabled': False, 'method': 'topk', 'schedule_offset': 1000}, 'different_groups': {}}, 'channel_pruning': {'shared_parameters': {'enabled': False, 'method': 'l1', 'schedule_offset': 1000}, 'different_groups': {}}, 'layer_reduction': {'enabled': False}}
[2024-01-20 07:04:12,049] [INFO] [config.py:988:print]   curriculum_enabled_legacy .... False
[2024-01-20 07:04:12,049] [INFO] [config.py:988:print]   curriculum_params_legacy ..... False
[2024-01-20 07:04:12,049] [INFO] [config.py:988:print]   data_efficiency_config ....... {'enabled': False, 'seed': 1234, 'data_sampling': {'enabled': False, 'num_epochs': 1000, 'num_workers': 0, 'curriculum_learning': {'enabled': False}}, 'data_routing': {'enabled': False, 'random_ltd': {'enabled': False, 'layer_token_lr_schedule': {'enabled': False}}}}
[2024-01-20 07:04:12,049] [INFO] [config.py:988:print]   data_efficiency_enabled ...... False
[2024-01-20 07:04:12,049] [INFO] [config.py:988:print]   dataloader_drop_last ......... False
[2024-01-20 07:04:12,049] [INFO] [config.py:988:print]   disable_allgather ............ False
[2024-01-20 07:04:12,049] [INFO] [config.py:988:print]   dump_state ................... False
[2024-01-20 07:04:12,049] [INFO] [config.py:988:print]   dynamic_loss_scale_args ...... {'init_scale': 65536, 'scale_window': 100, 'delayed_shift': 2, 'consecutive_hysteresis': False, 'min_scale': 1}
[2024-01-20 07:04:12,049] [INFO] [config.py:988:print]   eigenvalue_enabled ........... False
[2024-01-20 07:04:12,049] [INFO] [config.py:988:print]   eigenvalue_gas_boundary_resolution  1
[2024-01-20 07:04:12,049] [INFO] [config.py:988:print]   eigenvalue_layer_name ........ bert.encoder.layer
[2024-01-20 07:04:12,049] [INFO] [config.py:988:print]   eigenvalue_layer_num ......... 0
[2024-01-20 07:04:12,049] [INFO] [config.py:988:print]   eigenvalue_max_iter .......... 100
[2024-01-20 07:04:12,049] [INFO] [config.py:988:print]   eigenvalue_stability ......... 1e-06
[2024-01-20 07:04:12,049] [INFO] [config.py:988:print]   eigenvalue_tol ............... 0.01
[2024-01-20 07:04:12,049] [INFO] [config.py:988:print]   eigenvalue_verbose ........... False
[2024-01-20 07:04:12,049] [INFO] [config.py:988:print]   elasticity_enabled ........... False
[2024-01-20 07:04:12,049] [INFO] [config.py:988:print]   flops_profiler_config ........ {
    "enabled": false, 
    "recompute_fwd_factor": 0.0, 
    "profile_step": 1, 
    "module_depth": -1, 
    "top_modules": 1, 
    "detailed": true, 
    "output_file": null
}
[2024-01-20 07:04:12,049] [INFO] [config.py:988:print]   fp16_auto_cast ............... False
[2024-01-20 07:04:12,049] [INFO] [config.py:988:print]   fp16_enabled ................. True
[2024-01-20 07:04:12,049] [INFO] [config.py:988:print]   fp16_master_weights_and_gradients  False
[2024-01-20 07:04:12,049] [INFO] [config.py:988:print]   global_rank .................. 0
[2024-01-20 07:04:12,049] [INFO] [config.py:988:print]   grad_accum_dtype ............. None
[2024-01-20 07:04:12,049] [INFO] [config.py:988:print]   gradient_accumulation_steps .. 1
[2024-01-20 07:04:12,050] [INFO] [config.py:988:print]   gradient_clipping ............ 1.0
[2024-01-20 07:04:12,050] [INFO] [config.py:988:print]   gradient_predivide_factor .... 1.0
[2024-01-20 07:04:12,050] [INFO] [config.py:988:print]   graph_harvesting ............. False
[2024-01-20 07:04:12,050] [INFO] [config.py:988:print]   hybrid_engine ................ enabled=True max_out_tokens=512 inference_tp_size=1 release_inference_cache=False pin_parameters=True tp_gather_partition_size=8
[2024-01-20 07:04:12,050] [INFO] [config.py:988:print]   initial_dynamic_scale ........ 65536
[2024-01-20 07:04:12,050] [INFO] [config.py:988:print]   load_universal_checkpoint .... False
[2024-01-20 07:04:12,050] [INFO] [config.py:988:print]   loss_scale ................... 0
[2024-01-20 07:04:12,050] [INFO] [config.py:988:print]   memory_breakdown ............. False
[2024-01-20 07:04:12,050] [INFO] [config.py:988:print]   mics_hierarchial_params_gather  False
[2024-01-20 07:04:12,050] [INFO] [config.py:988:print]   mics_shard_size .............. -1
[2024-01-20 07:04:12,050] [INFO] [config.py:988:print]   monitor_config ............... tensorboard=TensorBoardConfig(enabled=True, output_path='./main_gen/ds_tensorboard_logs/', job_name='step3_actor_tensorboard') wandb=WandbConfig(enabled=False, group=None, team=None, project='deepspeed') csv_monitor=CSVConfig(enabled=False, output_path='', job_name='DeepSpeedJobName') enabled=True
[2024-01-20 07:04:12,050] [INFO] [config.py:988:print]   nebula_config ................ {
    "enabled": false, 
    "persistent_storage_path": null, 
    "persistent_time_interval": 100, 
    "num_of_version_in_retention": 2, 
    "enable_nebula_load": true, 
    "load_path": null
}
[2024-01-20 07:04:12,050] [INFO] [config.py:988:print]   optimizer_legacy_fusion ...... False
[2024-01-20 07:04:12,050] [INFO] [config.py:988:print]   optimizer_name ............... None
[2024-01-20 07:04:12,050] [INFO] [config.py:988:print]   optimizer_params ............. None
[2024-01-20 07:04:12,050] [INFO] [config.py:988:print]   pipeline ..................... {'stages': 'auto', 'partition': 'best', 'seed_layers': False, 'activation_checkpoint_interval': 0, 'pipe_partitioned': True, 'grad_partitioned': True}
[2024-01-20 07:04:12,050] [INFO] [config.py:988:print]   pld_enabled .................. False
[2024-01-20 07:04:12,050] [INFO] [config.py:988:print]   pld_params ................... False
[2024-01-20 07:04:12,050] [INFO] [config.py:988:print]   prescale_gradients ........... False
[2024-01-20 07:04:12,050] [INFO] [config.py:988:print]   scheduler_name ............... None
[2024-01-20 07:04:12,050] [INFO] [config.py:988:print]   scheduler_params ............. None
[2024-01-20 07:04:12,050] [INFO] [config.py:988:print]   seq_parallel_communication_data_type  torch.float32
[2024-01-20 07:04:12,050] [INFO] [config.py:988:print]   sparse_attention ............. None
[2024-01-20 07:04:12,050] [INFO] [config.py:988:print]   sparse_gradients_enabled ..... False
[2024-01-20 07:04:12,050] [INFO] [config.py:988:print]   steps_per_print .............. 10
[2024-01-20 07:04:12,050] [INFO] [config.py:988:print]   train_batch_size ............. 2
[2024-01-20 07:04:12,050] [INFO] [config.py:988:print]   train_micro_batch_size_per_gpu  1
[2024-01-20 07:04:12,050] [INFO] [config.py:988:print]   use_data_before_expert_parallel_  False
[2024-01-20 07:04:12,050] [INFO] [config.py:988:print]   use_node_local_storage ....... False
[2024-01-20 07:04:12,050] [INFO] [config.py:988:print]   wall_clock_breakdown ......... True
[2024-01-20 07:04:12,050] [INFO] [config.py:988:print]   weight_quantization_config ... None
[2024-01-20 07:04:12,050] [INFO] [config.py:988:print]   world_size ................... 2
[2024-01-20 07:04:12,050] [INFO] [config.py:988:print]   zero_allow_untested_optimizer  False
[2024-01-20 07:04:12,051] [INFO] [config.py:988:print]   zero_config .................. stage=0 contiguous_gradients=True reduce_scatter=True reduce_bucket_size=500,000,000 use_multi_rank_bucket_allreduce=True allgather_partitions=True allgather_bucket_size=500,000,000 overlap_comm=False load_from_fp32_weights=True elastic_checkpoint=False offload_param=DeepSpeedZeroOffloadParamConfig(device='none', nvme_path=None, buffer_count=5, buffer_size=100,000,000, max_in_cpu=1,000,000,000, pin_memory=False) offload_optimizer=DeepSpeedZeroOffloadOptimizerConfig(device='none', nvme_path=None, buffer_count=4, pin_memory=False, pipeline=False, pipeline_read=False, pipeline_write=False, fast_init=False, ratio=1.0) sub_group_size=1,000,000,000 cpu_offload_param=None cpu_offload_use_pin_memory=None cpu_offload=None prefetch_bucket_size=30000000 param_persistence_threshold=10000 model_persistence_threshold=sys.maxsize max_live_parameters=30000000 max_reuse_distance=1,000,000,000 gather_16bit_weights_on_model_save=False stage3_gather_fp16_weights_on_model_save=False ignore_unused_parameters=True legacy_stage1=False round_robin_gradients=False zero_hpz_partition_size=1 zero_quantized_weights=False zero_quantized_nontrainable_weights=False zero_quantized_gradients=False mics_shard_size=-1 mics_hierarchical_params_gather=False memory_efficient_linear=False pipeline_loading_checkpoint=False override_module_apply=True
[2024-01-20 07:04:12,051] [INFO] [config.py:988:print]   zero_enabled ................. False
[2024-01-20 07:04:12,051] [INFO] [config.py:988:print]   zero_force_ds_cpu_optimizer .. True
[2024-01-20 07:04:12,051] [INFO] [config.py:988:print]   zero_optimization_stage ...... 0
[2024-01-20 07:04:12,051] [INFO] [config.py:974:print_user_config]   json = {
    "train_batch_size": 2, 
    "train_micro_batch_size_per_gpu": 1, 
    "steps_per_print": 10, 
    "zero_optimization": {
        "stage": 0, 
        "offload_param": {
            "device": "none"
        }, 
        "offload_optimizer": {
            "device": "none"
        }, 
        "stage3_param_persistence_threshold": 1.000000e+04, 
        "stage3_max_live_parameters": 3.000000e+07, 
        "stage3_prefetch_bucket_size": 3.000000e+07, 
        "memory_efficient_linear": false
    }, 
    "fp16": {
        "enabled": true, 
        "loss_scale_window": 100
    }, 
    "gradient_clipping": 1.0, 
    "prescale_gradients": false, 
    "wall_clock_breakdown": true, 
    "hybrid_engine": {
        "enabled": true, 
        "max_out_tokens": 512, 
        "inference_tp_size": 1, 
        "release_inference_cache": false, 
        "pin_parameters": true, 
        "tp_gather_partition_size": 8
    }, 
    "tensorboard": {
        "enabled": true, 
        "output_path": "./main_gen/ds_tensorboard_logs/", 
        "job_name": "step3_actor_tensorboard"
    }
}
Using /root/.cache/torch_extensions/py310_cu122 as PyTorch extensions root...
Detected CUDA files, patching ldflags
Emitting ninja build file /root/.cache/torch_extensions/py310_cu122/transformer_inference/build.ninja...
Building extension module transformer_inference...
Allowing ninja to set a default number of workers... (overridable by setting the environment variable MAX_JOBS=N)
ninja: no work to do.
Loading extension module transformer_inference...
Time to load transformer_inference op: 0.12009882926940918 seconds
[2024-01-20 07:04:12,241] [INFO] [logging.py:96:log_dist] [Rank 0] DeepSpeed-Inference config: {'layer_id': 0, 'hidden_size': 2048, 'intermediate_size': 8192, 'heads': 32, 'num_hidden_layers': -1, 'dtype': torch.float16, 'pre_layer_norm': True, 'norm_type': <NormType.LayerNorm: 1>, 'local_rank': -1, 'stochastic_mode': False, 'epsilon': 1e-05, 'mp_size': 1, 'scale_attention': True, 'triangular_masking': True, 'local_attention': False, 'window_size': 1, 'rotary_dim': -1, 'rotate_half': False, 'rotate_every_two': True, 'return_tuple': True, 'mlp_after_attn': True, 'mlp_act_func_type': <ActivationFuncType.ReLU: 2>, 'specialized_mode': False, 'training_mp_size': 1, 'bigscience_bloom': False, 'max_out_tokens': 512, 'min_out_tokens': 512, 'scale_attn_by_inverse_layer_idx': False, 'enable_qkv_quantization': False, 'use_mup': False, 'return_single_tuple': False, 'set_empty_params': True, 'transposed_mode': True, 'use_triton': False, 'triton_autotune': False, 'num_kv': -1, 'rope_theta': 10000}
******************[end] Initialized Actor Model [end] (duration: 4.43s)*******************
***** Running training (total_iters=123960) *****
Using /root/.cache/torch_extensions/py310_cu122 as PyTorch extensions root...
Detected CUDA files, patching ldflags
Emitting ninja build file /root/.cache/torch_extensions/py310_cu122/transformer_inference/build.ninja...
Building extension module transformer_inference...
Allowing ninja to set a default number of workers... (overridable by setting the environment variable MAX_JOBS=N)
ninja: no work to do.
Loading extension module transformer_inference...
Time to load transformer_inference op: 0.07337784767150879 seconds
Allocatable workspace available (363 tokens) is less than minimum requested workspace (512 tokens)
Traceback (most recent call last):
  File "/share/DeepSpeedExamples/applications/DeepSpeed-Chat/training/time/main_gen_test.py", line 580, in <module>
    main()
  File "/share/DeepSpeedExamples/applications/DeepSpeed-Chat/training/time/main_gen_test.py", line 564, in main
    _=trainer.generate_experience(batch_prompt['prompt'], batch_prompt['prompt_att_mask'], step)
  File "/share/DeepSpeedExamples/applications/DeepSpeed-Chat/dschat/rlhf/ppo_trainer.py", line 142, in generate_experience
    seq = self._generate_sequence(prompts, mask, step)
  File "/share/DeepSpeedExamples/applications/DeepSpeed-Chat/dschat/rlhf/ppo_trainer.py", line 87, in _generate_sequence
    seq = self.actor_model.module.generate(
  File "/usr/local/lib/python3.10/dist-packages/deepspeed/runtime/hybrid_engine.py", line 262, in generate
    generate_ret_vals = self._generate(*inputs, **kwargs)
  File "/usr/local/lib/python3.10/dist-packages/torch/utils/_contextlib.py", line 115, in decorate_context
    return func(*args, **kwargs)
  File "/usr/local/lib/python3.10/dist-packages/transformers/generation/utils.py", line 1718, in generate
    return self.greedy_search(
  File "/usr/local/lib/python3.10/dist-packages/transformers/generation/utils.py", line 2579, in greedy_search
    outputs = self(
  File "/usr/local/lib/python3.10/dist-packages/torch/nn/modules/module.py", line 1518, in _wrapped_call_impl
    return self._call_impl(*args, **kwargs)
  File "/usr/local/lib/python3.10/dist-packages/torch/nn/modules/module.py", line 1527, in _call_impl
    return forward_call(*args, **kwargs)
  File "/usr/local/lib/python3.10/dist-packages/transformers/models/opt/modeling_opt.py", line 1143, in forward
    outputs = self.model.decoder(
  File "/usr/local/lib/python3.10/dist-packages/torch/nn/modules/module.py", line 1518, in _wrapped_call_impl
    return self._call_impl(*args, **kwargs)
  File "/usr/local/lib/python3.10/dist-packages/torch/nn/modules/module.py", line 1527, in _call_impl
    return forward_call(*args, **kwargs)
  File "/usr/local/lib/python3.10/dist-packages/transformers/models/opt/modeling_opt.py", line 909, in forward
    layer_outputs = decoder_layer(
  File "/usr/local/lib/python3.10/dist-packages/torch/nn/modules/module.py", line 1518, in _wrapped_call_impl
    return self._call_impl(*args, **kwargs)
  File "/usr/local/lib/python3.10/dist-packages/torch/nn/modules/module.py", line 1527, in _call_impl
    return forward_call(*args, **kwargs)
  File "/usr/local/lib/python3.10/dist-packages/deepspeed/model_implementations/transformers/ds_transformer.py", line 141, in forward
    self.allocate_workspace(self.config.hidden_size, self.config.heads,
RuntimeError: Workspace can't be allocated, not enough memory
Allocatable workspace available (362 tokens) is less than minimum requested workspace (512 tokens)
Traceback (most recent call last):
  File "/share/DeepSpeedExamples/applications/DeepSpeed-Chat/training/time/main_gen_test.py", line 580, in <module>
    main()
  File "/share/DeepSpeedExamples/applications/DeepSpeed-Chat/training/time/main_gen_test.py", line 576, in main
    _=trainer.generate_experience(batch_prompt['prompt'], batch_prompt['prompt_att_mask'], step)
  File "/share/DeepSpeedExamples/applications/DeepSpeed-Chat/dschat/rlhf/ppo_trainer.py", line 142, in generate_experience
    seq = self._generate_sequence(prompts, mask, step)
  File "/share/DeepSpeedExamples/applications/DeepSpeed-Chat/dschat/rlhf/ppo_trainer.py", line 87, in _generate_sequence
    seq = self.actor_model.module.generate(
  File "/usr/local/lib/python3.10/dist-packages/deepspeed/runtime/hybrid_engine.py", line 262, in generate
    generate_ret_vals = self._generate(*inputs, **kwargs)
  File "/usr/local/lib/python3.10/dist-packages/torch/utils/_contextlib.py", line 115, in decorate_context
    return func(*args, **kwargs)
  File "/usr/local/lib/python3.10/dist-packages/transformers/generation/utils.py", line 1718, in generate
    return self.greedy_search(
  File "/usr/local/lib/python3.10/dist-packages/transformers/generation/utils.py", line 2579, in greedy_search
    outputs = self(
  File "/usr/local/lib/python3.10/dist-packages/torch/nn/modules/module.py", line 1518, in _wrapped_call_impl
    return self._call_impl(*args, **kwargs)
  File "/usr/local/lib/python3.10/dist-packages/torch/nn/modules/module.py", line 1527, in _call_impl
    return forward_call(*args, **kwargs)
  File "/usr/local/lib/python3.10/dist-packages/transformers/models/opt/modeling_opt.py", line 1143, in forward
    outputs = self.model.decoder(
  File "/usr/local/lib/python3.10/dist-packages/torch/nn/modules/module.py", line 1518, in _wrapped_call_impl
    return self._call_impl(*args, **kwargs)
  File "/usr/local/lib/python3.10/dist-packages/torch/nn/modules/module.py", line 1527, in _call_impl
    return forward_call(*args, **kwargs)
  File "/usr/local/lib/python3.10/dist-packages/transformers/models/opt/modeling_opt.py", line 909, in forward
    layer_outputs = decoder_layer(
  File "/usr/local/lib/python3.10/dist-packages/torch/nn/modules/module.py", line 1518, in _wrapped_call_impl
    return self._call_impl(*args, **kwargs)
  File "/usr/local/lib/python3.10/dist-packages/torch/nn/modules/module.py", line 1527, in _call_impl
    return forward_call(*args, **kwargs)
  File "/usr/local/lib/python3.10/dist-packages/deepspeed/model_implementations/transformers/ds_transformer.py", line 141, in forward
    self.allocate_workspace(self.config.hidden_size, self.config.heads,
RuntimeError: Workspace can't be allocated, not enough memory
[2024-01-20 07:04:20,685] [INFO] [launch.py:315:sigkill_handler] Killing subprocess 96444
[2024-01-20 07:04:20,689] [INFO] [launch.py:315:sigkill_handler] Killing subprocess 96445
[2024-01-20 07:04:20,690] [ERROR] [launch.py:321:sigkill_handler] ['/usr/bin/python', '-u', 'main_gen_test.py', '--local_rank=1', '--actor_model_name_or_path', '../step1_supervised_finetuning/output_1.3b', '--critic_model_name_or_path', '../step2_reward_model_finetuning/output', '--per_device_generation_batch_size', '3', '--per_device_training_batch_size', '1', '--actor_learning_rate', '9.65e-6', '--critic_learning_rate', '5e-6', '--actor_dropout', '0.0', '--deepspeed', '--seed', '1234', '--enable_hybrid_engine', '--actor_zero_stage', '0', '--critic_zero_stage', '0', '--output_dir', './main_gen', '--generation_batches', '1', '--enable_tensorboard', '--tensorboard_path', './main_gen', '--num_train_epochs', '10', '--tensorboard_web', '/share/log/time'] exits with return code = 1
